# JRE version: Java(TM) SE Runtime Environment (8.0_20-b26) (build 1.8.0_20-b26)
# Java VM: Java HotSpot(TM) 64-Bit Server VM (25.20-b23 mixed mode windows-amd64 compressed oops)
Heap:
 PSYoungGen      total 626688K, used 125169K [0x00000000d5580000, 0x00000000ff680000, 0x0000000100000000)
  eden space 560640K, 19% used [0x00000000d5580000,0x00000000dc296360,0x00000000f7900000)
  from space 66048K, 20% used [0x00000000f7900000,0x00000000f8626220,0x00000000fb980000)
  to   space 60928K, 0% used [0x00000000fbb00000,0x00000000fbb00000,0x00000000ff680000)
 ParOldGen       total 454144K, used 218752K [0x0000000080000000, 0x000000009bb80000, 0x00000000d5580000)
  object space 454144K, 48% used [0x0000000080000000,0x000000008d5a0020,0x000000009bb80000)
 Metaspace       used 75369K, capacity 78672K, committed 78976K, reserved 1118208K
  class space    used 9837K, capacity 10500K, committed 10624K, reserved 1048576K
GC Heap History (10 events):
Event: 17.627 GC heap before
{Heap before GC invocations=19 (full 4):
 PSYoungGen      total 571904K, used 497774K [0x00000000d5580000, 0x00000000fd480000, 0x0000000100000000)
  eden space 498176K, 99% used [0x00000000d5580000,0x00000000f3b6bbf8,0x00000000f3c00000)
  from space 73728K, 0% used [0x00000000f8380000,0x00000000f83b0000,0x00000000fcb80000)
  to   space 73216K, 0% used [0x00000000f3c00000,0x00000000f3c00000,0x00000000f8380000)
 ParOldGen       total 454144K, used 218680K [0x0000000080000000, 0x000000009bb80000, 0x00000000d5580000)
  object space 454144K, 48% used [0x0000000080000000,0x000000008d58e020,0x000000009bb80000)
 Metaspace       used 66304K, capacity 69132K, committed 69248K, reserved 1110016K
  class space    used 8730K, capacity 9319K, committed 9344K, reserved 1048576K
Event: 17.630 GC heap after
Heap after GC invocations=19 (full 4):
 PSYoungGen      total 571392K, used 256K [0x00000000d5580000, 0x00000000ffd80000, 0x0000000100000000)
  eden space 498176K, 0% used [0x00000000d5580000,0x00000000d5580000,0x00000000f3c00000)
  from space 73216K, 0% used [0x00000000f3c00000,0x00000000f3c40000,0x00000000f8380000)
  to   space 72192K, 0% used [0x00000000fb700000,0x00000000fb700000,0x00000000ffd80000)
 ParOldGen       total 454144K, used 218680K [0x0000000080000000, 0x000000009bb80000, 0x00000000d5580000)
  object space 454144K, 48% used [0x0000000080000000,0x000000008d58e020,0x000000009bb80000)
 Metaspace       used 66304K, capacity 69132K, committed 69248K, reserved 1110016K
  class space    used 8730K, capacity 9319K, committed 9344K, reserved 1048576K
}
Event: 17.692 GC heap before
{Heap before GC invocations=20 (full 4):
 PSYoungGen      total 571392K, used 497982K [0x00000000d5580000, 0x00000000ffd80000, 0x0000000100000000)
  eden space 498176K, 99% used [0x00000000d5580000,0x00000000f3b8fb60,0x00000000f3c00000)
  from space 73216K, 0% used [0x00000000f3c00000,0x00000000f3c40000,0x00000000f8380000)
  to   space 72192K, 0% used [0x00000000fb700000,0x00000000fb700000,0x00000000ffd80000)
 ParOldGen       total 454144K, used 218680K [0x0000000080000000, 0x000000009bb80000, 0x00000000d5580000)
  object space 454144K, 48% used [0x0000000080000000,0x000000008d58e020,0x000000009bb80000)
 Metaspace       used 66304K, capacity 69132K, committed 69248K, reserved 1110016K
  class space    used 8730K, capacity 9319K, committed 9344K, reserved 1048576K
Event: 17.695 GC heap after
Heap after GC invocations=20 (full 4):
 PSYoungGen      total 623104K, used 192K [0x00000000d5580000, 0x00000000ffb00000, 0x0000000100000000)
  eden space 553472K, 0% used [0x00000000d5580000,0x00000000d5580000,0x00000000f7200000)
  from space 69632K, 0% used [0x00000000fb700000,0x00000000fb730000,0x00000000ffb00000)
  to   space 70144K, 0% used [0x00000000f7200000,0x00000000f7200000,0x00000000fb680000)
 ParOldGen       total 454144K, used 218680K [0x0000000080000000, 0x000000009bb80000, 0x00000000d5580000)
  object space 454144K, 48% used [0x0000000080000000,0x000000008d58e020,0x000000009bb80000)
 Metaspace       used 66304K, capacity 69132K, committed 69248K, reserved 1110016K
  class space    used 8730K, capacity 9319K, committed 9344K, reserved 1048576K
}
Event: 17.776 GC heap before
{Heap before GC invocations=21 (full 4):
 PSYoungGen      total 623104K, used 553093K [0x00000000d5580000, 0x00000000ffb00000, 0x0000000100000000)
  eden space 553472K, 99% used [0x00000000d5580000,0x00000000f7171598,0x00000000f7200000)
  from space 69632K, 0% used [0x00000000fb700000,0x00000000fb730000,0x00000000ffb00000)
  to   space 70144K, 0% used [0x00000000f7200000,0x00000000f7200000,0x00000000fb680000)
 ParOldGen       total 454144K, used 218680K [0x0000000080000000, 0x000000009bb80000, 0x00000000d5580000)
  object space 454144K, 48% used [0x0000000080000000,0x000000008d58e020,0x000000009bb80000)
 Metaspace       used 66304K, capacity 69132K, committed 69248K, reserved 1110016K
  class space    used 8730K, capacity 9319K, committed 9344K, reserved 1048576K
Event: 17.779 GC heap after
Heap after GC invocations=21 (full 4):
 PSYoungGen      total 623616K, used 256K [0x00000000d5580000, 0x00000000ffc80000, 0x0000000100000000)
  eden space 553472K, 0% used [0x00000000d5580000,0x00000000d5580000,0x00000000f7200000)
  from space 70144K, 0% used [0x00000000f7200000,0x00000000f7240000,0x00000000fb680000)
  to   space 68096K, 0% used [0x00000000fba00000,0x00000000fba00000,0x00000000ffc80000)
 ParOldGen       total 454144K, used 218680K [0x0000000080000000, 0x000000009bb80000, 0x00000000d5580000)
  object space 454144K, 48% used [0x0000000080000000,0x000000008d58e020,0x000000009bb80000)
 Metaspace       used 66304K, capacity 69132K, committed 69248K, reserved 1110016K
  class space    used 8730K, capacity 9319K, committed 9344K, reserved 1048576K
}
Event: 17.849 GC heap before
{Heap before GC invocations=22 (full 4):
 PSYoungGen      total 623616K, used 553728K [0x00000000d5580000, 0x00000000ffc80000, 0x0000000100000000)
  eden space 553472K, 100% used [0x00000000d5580000,0x00000000f7200000,0x00000000f7200000)
  from space 70144K, 0% used [0x00000000f7200000,0x00000000f7240000,0x00000000fb680000)
  to   space 68096K, 0% used [0x00000000fba00000,0x00000000fba00000,0x00000000ffc80000)
 ParOldGen       total 454144K, used 218680K [0x0000000080000000, 0x000000009bb80000, 0x00000000d5580000)
  object space 454144K, 48% used [0x0000000080000000,0x000000008d58e020,0x000000009bb80000)
 Metaspace       used 66304K, capacity 69132K, committed 69248K, reserved 1110016K
  class space    used 8730K, capacity 9319K, committed 9344K, reserved 1048576K
Event: 17.852 GC heap after
Heap after GC invocations=22 (full 4):
 PSYoungGen      total 626176K, used 352K [0x00000000d5580000, 0x00000000ffa00000, 0x0000000100000000)
  eden space 560640K, 0% used [0x00000000d5580000,0x00000000d5580000,0x00000000f7900000)
  from space 65536K, 0% used [0x00000000fba00000,0x00000000fba58000,0x00000000ffa00000)
  to   space 66048K, 0% used [0x00000000f7900000,0x00000000f7900000,0x00000000fb980000)
 ParOldGen       total 454144K, used 218680K [0x0000000080000000, 0x000000009bb80000, 0x00000000d5580000)
  object space 454144K, 48% used [0x0000000080000000,0x000000008d58e020,0x000000009bb80000)
 Metaspace       used 66304K, capacity 69132K, committed 69248K, reserved 1110016K
  class space    used 8730K, capacity 9319K, committed 9344K, reserved 1048576K
}
Event: 3284.052 GC heap before
{Heap before GC invocations=23 (full 4):
 PSYoungGen      total 626176K, used 560992K [0x00000000d5580000, 0x00000000ffa00000, 0x0000000100000000)
  eden space 560640K, 100% used [0x00000000d5580000,0x00000000f7900000,0x00000000f7900000)
  from space 65536K, 0% used [0x00000000fba00000,0x00000000fba58000,0x00000000ffa00000)
  to   space 66048K, 0% used [0x00000000f7900000,0x00000000f7900000,0x00000000fb980000)
 ParOldGen       total 454144K, used 218680K [0x0000000080000000, 0x000000009bb80000, 0x00000000d5580000)
  object space 454144K, 48% used [0x0000000080000000,0x000000008d58e020,0x000000009bb80000)
 Metaspace       used 73531K, capacity 76748K, committed 76800K, reserved 1116160K
  class space    used 9587K, capacity 10218K, committed 10240K, reserved 1048576K
Event: 3284.065 GC heap after
Heap after GC invocations=23 (full 4):
 PSYoungGen      total 626688K, used 13464K [0x00000000d5580000, 0x00000000ff680000, 0x0000000100000000)
  eden space 560640K, 0% used [0x00000000d5580000,0x00000000d5580000,0x00000000f7900000)
  from space 66048K, 20% used [0x00000000f7900000,0x00000000f8626220,0x00000000fb980000)
  to   space 60928K, 0% used [0x00000000fbb00000,0x00000000fbb00000,0x00000000ff680000)
 ParOldGen       total 454144K, used 218752K [0x0000000080000000, 0x000000009bb80000, 0x00000000d5580000)
  object space 454144K, 48% used [0x0000000080000000,0x000000008d5a0020,0x000000009bb80000)
 Metaspace       used 73531K, capacity 76748K, committed 76800K, reserved 1116160K
  class space    used 9587K, capacity 10218K, committed 10240K, reserved 1048576K
}

