# JRE version: Java(TM) SE Runtime Environment (8.0_20-b26) (build 1.8.0_20-b26)
# Java VM: Java HotSpot(TM) 64-Bit Server VM (25.20-b23 mixed mode windows-amd64 compressed oops)
Heap:
 PSYoungGen      total 558080K, used 486443K [0x00000000d5580000, 0x0000000100000000, 0x0000000100000000)
  eden space 458240K, 90% used [0x00000000d5580000,0x00000000ee8c8788,0x00000000f1500000)
  from space 99840K, 73% used [0x00000000f9e80000,0x00000000fe642780,0x0000000100000000)
  to   space 120320K, 0% used [0x00000000f1500000,0x00000000f1500000,0x00000000f8a80000)
 ParOldGen       total 454656K, used 240450K [0x0000000080000000, 0x000000009bc00000, 0x00000000d5580000)
  object space 454656K, 52% used [0x0000000080000000,0x000000008ead0920,0x000000009bc00000)
 Metaspace       used 88326K, capacity 94396K, committed 94680K, reserved 1130496K
  class space    used 11700K, capacity 12772K, committed 12800K, reserved 1048576K
GC Heap History (10 events):
Event: 574.604 GC heap before
{Heap before GC invocations=18 (full 4):
 PSYoungGen      total 498176K, used 452585K [0x00000000d5580000, 0x00000000fca00000, 0x0000000100000000)
  eden space 452096K, 100% used [0x00000000d5580000,0x00000000f0f00000,0x00000000f0f00000)
  from space 46080K, 1% used [0x00000000f2080000,0x00000000f20fa4b8,0x00000000f4d80000)
  to   space 95744K, 0% used [0x00000000f6c80000,0x00000000f6c80000,0x00000000fca00000)
 ParOldGen       total 454656K, used 210146K [0x0000000080000000, 0x000000009bc00000, 0x00000000d5580000)
  object space 454656K, 46% used [0x0000000080000000,0x000000008cd38880,0x000000009bc00000)
 Metaspace       used 71657K, capacity 76498K, committed 76760K, reserved 1116160K
  class space    used 9521K, capacity 10418K, committed 10496K, reserved 1048576K
Event: 574.649 GC heap after
Heap after GC invocations=18 (full 4):
 PSYoungGen      total 552960K, used 36245K [0x00000000d5580000, 0x0000000100000000, 0x0000000100000000)
  eden space 457216K, 0% used [0x00000000d5580000,0x00000000d5580000,0x00000000f1400000)
  from space 95744K, 37% used [0x00000000f6c80000,0x00000000f8fe5778,0x00000000fca00000)
  to   space 90624K, 0% used [0x00000000f1400000,0x00000000f1400000,0x00000000f6c80000)
 ParOldGen       total 454656K, used 210170K [0x0000000080000000, 0x000000009bc00000, 0x00000000d5580000)
  object space 454656K, 46% used [0x0000000080000000,0x000000008cd3e880,0x000000009bc00000)
 Metaspace       used 71657K, capacity 76498K, committed 76760K, reserved 1116160K
  class space    used 9521K, capacity 10418K, committed 10496K, reserved 1048576K
}
Event: 590.874 GC heap before
{Heap before GC invocations=19 (full 4):
 PSYoungGen      total 552960K, used 493461K [0x00000000d5580000, 0x0000000100000000, 0x0000000100000000)
  eden space 457216K, 100% used [0x00000000d5580000,0x00000000f1400000,0x00000000f1400000)
  from space 95744K, 37% used [0x00000000f6c80000,0x00000000f8fe5778,0x00000000fca00000)
  to   space 90624K, 0% used [0x00000000f1400000,0x00000000f1400000,0x00000000f6c80000)
 ParOldGen       total 454656K, used 210170K [0x0000000080000000, 0x000000009bc00000, 0x00000000d5580000)
  object space 454656K, 46% used [0x0000000080000000,0x000000008cd3e880,0x000000009bc00000)
 Metaspace       used 71729K, capacity 76562K, committed 76760K, reserved 1116160K
  class space    used 9522K, capacity 10418K, committed 10496K, reserved 1048576K
Event: 590.912 GC heap after
Heap after GC invocations=19 (full 4):
 PSYoungGen      total 547840K, used 54413K [0x00000000d5580000, 0x00000000ffe00000, 0x0000000100000000)
  eden space 457216K, 0% used [0x00000000d5580000,0x00000000d5580000,0x00000000f1400000)
  from space 90624K, 60% used [0x00000000f1400000,0x00000000f4923430,0x00000000f6c80000)
  to   space 92160K, 0% used [0x00000000fa400000,0x00000000fa400000,0x00000000ffe00000)
 ParOldGen       total 454656K, used 210178K [0x0000000080000000, 0x000000009bc00000, 0x00000000d5580000)
  object space 454656K, 46% used [0x0000000080000000,0x000000008cd40880,0x000000009bc00000)
 Metaspace       used 71729K, capacity 76562K, committed 76760K, reserved 1116160K
  class space    used 9522K, capacity 10418K, committed 10496K, reserved 1048576K
}
Event: 606.608 GC heap before
{Heap before GC invocations=20 (full 4):
 PSYoungGen      total 547840K, used 511629K [0x00000000d5580000, 0x00000000ffe00000, 0x0000000100000000)
  eden space 457216K, 100% used [0x00000000d5580000,0x00000000f1400000,0x00000000f1400000)
  from space 90624K, 60% used [0x00000000f1400000,0x00000000f4923430,0x00000000f6c80000)
  to   space 92160K, 0% used [0x00000000fa400000,0x00000000fa400000,0x00000000ffe00000)
 ParOldGen       total 454656K, used 210178K [0x0000000080000000, 0x000000009bc00000, 0x00000000d5580000)
  object space 454656K, 46% used [0x0000000080000000,0x000000008cd40880,0x000000009bc00000)
 Metaspace       used 71822K, capacity 76658K, committed 77016K, reserved 1116160K
  class space    used 9535K, capacity 10450K, committed 10496K, reserved 1048576K
Event: 606.660 GC heap after
Heap after GC invocations=20 (full 4):
 PSYoungGen      total 591360K, used 72415K [0x00000000d5580000, 0x0000000100000000, 0x0000000100000000)
  eden space 499200K, 0% used [0x00000000d5580000,0x00000000d5580000,0x00000000f3d00000)
  from space 92160K, 78% used [0x00000000fa400000,0x00000000feab7e00,0x00000000ffe00000)
  to   space 99840K, 0% used [0x00000000f3d00000,0x00000000f3d00000,0x00000000f9e80000)
 ParOldGen       total 454656K, used 210186K [0x0000000080000000, 0x000000009bc00000, 0x00000000d5580000)
  object space 454656K, 46% used [0x0000000080000000,0x000000008cd42880,0x000000009bc00000)
 Metaspace       used 71822K, capacity 76658K, committed 77016K, reserved 1116160K
  class space    used 9535K, capacity 10450K, committed 10496K, reserved 1048576K
}
Event: 642.406 GC heap before
{Heap before GC invocations=21 (full 4):
 PSYoungGen      total 591360K, used 571610K [0x00000000d5580000, 0x0000000100000000, 0x0000000100000000)
  eden space 499200K, 99% used [0x00000000d5580000,0x00000000f3cfecf0,0x00000000f3d00000)
  from space 92160K, 78% used [0x00000000fa400000,0x00000000feab7e00,0x00000000ffe00000)
  to   space 99840K, 0% used [0x00000000f3d00000,0x00000000f3d00000,0x00000000f9e80000)
 ParOldGen       total 454656K, used 210186K [0x0000000080000000, 0x000000009bc00000, 0x00000000d5580000)
  object space 454656K, 46% used [0x0000000080000000,0x000000008cd42880,0x000000009bc00000)
 Metaspace       used 74066K, capacity 78994K, committed 79192K, reserved 1118208K
  class space    used 9816K, capacity 10795K, committed 10880K, reserved 1048576K
Event: 642.467 GC heap after
Heap after GC invocations=21 (full 4):
 PSYoungGen      total 599040K, used 99825K [0x00000000d5580000, 0x0000000100000000, 0x0000000100000000)
  eden space 499200K, 0% used [0x00000000d5580000,0x00000000d5580000,0x00000000f3d00000)
  from space 99840K, 99% used [0x00000000f3d00000,0x00000000f9e7c690,0x00000000f9e80000)
  to   space 99840K, 0% used [0x00000000f9e80000,0x00000000f9e80000,0x0000000100000000)
 ParOldGen       total 454656K, used 213659K [0x0000000080000000, 0x000000009bc00000, 0x00000000d5580000)
  object space 454656K, 46% used [0x0000000080000000,0x000000008d0a6e10,0x000000009bc00000)
 Metaspace       used 74066K, capacity 78994K, committed 79192K, reserved 1118208K
  class space    used 9816K, capacity 10795K, committed 10880K, reserved 1048576K
}
Event: 781.438 GC heap before
{Heap before GC invocations=22 (full 4):
 PSYoungGen      total 599040K, used 599025K [0x00000000d5580000, 0x0000000100000000, 0x0000000100000000)
  eden space 499200K, 100% used [0x00000000d5580000,0x00000000f3d00000,0x00000000f3d00000)
  from space 99840K, 99% used [0x00000000f3d00000,0x00000000f9e7c690,0x00000000f9e80000)
  to   space 99840K, 0% used [0x00000000f9e80000,0x00000000f9e80000,0x0000000100000000)
 ParOldGen       total 454656K, used 213659K [0x0000000080000000, 0x000000009bc00000, 0x00000000d5580000)
  object space 454656K, 46% used [0x0000000080000000,0x000000008d0a6e10,0x000000009bc00000)
 Metaspace       used 75192K, capacity 80170K, committed 80344K, reserved 1118208K
  class space    used 9997K, capacity 10959K, committed 11008K, reserved 1048576K
Event: 781.502 GC heap after
Heap after GC invocations=22 (full 4):
 PSYoungGen      total 558080K, used 73481K [0x00000000d5580000, 0x0000000100000000, 0x0000000100000000)
  eden space 458240K, 0% used [0x00000000d5580000,0x00000000d5580000,0x00000000f1500000)
  from space 99840K, 73% used [0x00000000f9e80000,0x00000000fe642780,0x0000000100000000)
  to   space 120320K, 0% used [0x00000000f1500000,0x00000000f1500000,0x00000000f8a80000)
 ParOldGen       total 454656K, used 240450K [0x0000000080000000, 0x000000009bc00000, 0x00000000d5580000)
  object space 454656K, 52% used [0x0000000080000000,0x000000008ead0920,0x000000009bc00000)
 Metaspace       used 75192K, capacity 80170K, committed 80344K, reserved 1118208K
  class space    used 9997K, capacity 10959K, committed 11008K, reserved 1048576K
}

