# JRE version: Java(TM) SE Runtime Environment (8.0_20-b26) (build 1.8.0_20-b26)
# Java VM: Java HotSpot(TM) 64-Bit Server VM (25.20-b23 mixed mode windows-amd64 compressed oops)
Heap:
 PSYoungGen      total 641536K, used 572916K [0x00000000d5580000, 0x00000000ffd80000, 0x0000000100000000)
  eden space 585728K, 97% used [0x00000000d5580000,0x00000000f84bd290,0x00000000f9180000)
  from space 55808K, 0% used [0x00000000fc700000,0x00000000fc740000,0x00000000ffd80000)
  to   space 54784K, 0% used [0x00000000f9180000,0x00000000f9180000,0x00000000fc700000)
 ParOldGen       total 370688K, used 199976K [0x0000000080000000, 0x0000000096a00000, 0x00000000d5580000)
  object space 370688K, 53% used [0x0000000080000000,0x000000008c34a130,0x0000000096a00000)
 Metaspace       used 76570K, capacity 80316K, committed 80512K, reserved 1118208K
  class space    used 10057K, capacity 10768K, committed 10880K, reserved 1048576K
GC Heap History (10 events):
Event: 25.836 GC heap before
{Heap before GC invocations=16 (full 4):
 PSYoungGen      total 602112K, used 576249K [0x00000000d5580000, 0x0000000100000000, 0x0000000100000000)
  eden space 564736K, 99% used [0x00000000d5580000,0x00000000f7c6b8d8,0x00000000f7d00000)
  from space 37376K, 32% used [0x00000000f7d00000,0x00000000f88d2d50,0x00000000fa180000)
  to   space 59392K, 0% used [0x00000000fc600000,0x00000000fc600000,0x0000000100000000)
 ParOldGen       total 370688K, used 187849K [0x0000000080000000, 0x0000000096a00000, 0x00000000d5580000)
  object space 370688K, 50% used [0x0000000080000000,0x000000008b772470,0x0000000096a00000)
 Metaspace       used 66305K, capacity 69116K, committed 69248K, reserved 1110016K
  class space    used 8719K, capacity 9287K, committed 9344K, reserved 1048576K
Event: 25.852 GC heap after
Heap after GC invocations=16 (full 4):
 PSYoungGen      total 640000K, used 7360K [0x00000000d5580000, 0x0000000100000000, 0x0000000100000000)
  eden space 580608K, 0% used [0x00000000d5580000,0x00000000d5580000,0x00000000f8c80000)
  from space 59392K, 12% used [0x00000000fc600000,0x00000000fcd30080,0x0000000100000000)
  to   space 58880K, 0% used [0x00000000f8c80000,0x00000000f8c80000,0x00000000fc600000)
 ParOldGen       total 370688K, used 192506K [0x0000000080000000, 0x0000000096a00000, 0x00000000d5580000)
  object space 370688K, 51% used [0x0000000080000000,0x000000008bbfe898,0x0000000096a00000)
 Metaspace       used 66305K, capacity 69116K, committed 69248K, reserved 1110016K
  class space    used 8719K, capacity 9287K, committed 9344K, reserved 1048576K
}
Event: 25.924 GC heap before
{Heap before GC invocations=17 (full 4):
 PSYoungGen      total 640000K, used 587538K [0x00000000d5580000, 0x0000000100000000, 0x0000000100000000)
  eden space 580608K, 99% used [0x00000000d5580000,0x00000000f8c14980,0x00000000f8c80000)
  from space 59392K, 12% used [0x00000000fc600000,0x00000000fcd30080,0x0000000100000000)
  to   space 58880K, 0% used [0x00000000f8c80000,0x00000000f8c80000,0x00000000fc600000)
 ParOldGen       total 370688K, used 192506K [0x0000000080000000, 0x0000000096a00000, 0x00000000d5580000)
  object space 370688K, 51% used [0x0000000080000000,0x000000008bbfe898,0x0000000096a00000)
 Metaspace       used 66305K, capacity 69116K, committed 69248K, reserved 1110016K
  class space    used 8719K, capacity 9287K, committed 9344K, reserved 1048576K
Event: 25.930 GC heap after
Heap after GC invocations=17 (full 4):
 PSYoungGen      total 588288K, used 7456K [0x00000000d5580000, 0x00000000ffd80000, 0x0000000100000000)
  eden space 580608K, 0% used [0x00000000d5580000,0x00000000d5580000,0x00000000f8c80000)
  from space 7680K, 97% used [0x00000000f8c80000,0x00000000f93c8080,0x00000000f9400000)
  to   space 57856K, 0% used [0x00000000fc500000,0x00000000fc500000,0x00000000ffd80000)
 ParOldGen       total 370688K, used 192506K [0x0000000080000000, 0x0000000096a00000, 0x00000000d5580000)
  object space 370688K, 51% used [0x0000000080000000,0x000000008bbfe898,0x0000000096a00000)
 Metaspace       used 66305K, capacity 69116K, committed 69248K, reserved 1110016K
  class space    used 8719K, capacity 9287K, committed 9344K, reserved 1048576K
}
Event: 25.997 GC heap before
{Heap before GC invocations=18 (full 4):
 PSYoungGen      total 588288K, used 587930K [0x00000000d5580000, 0x00000000ffd80000, 0x0000000100000000)
  eden space 580608K, 99% used [0x00000000d5580000,0x00000000f8c5eb40,0x00000000f8c80000)
  from space 7680K, 97% used [0x00000000f8c80000,0x00000000f93c8080,0x00000000f9400000)
  to   space 57856K, 0% used [0x00000000fc500000,0x00000000fc500000,0x00000000ffd80000)
 ParOldGen       total 370688K, used 192506K [0x0000000080000000, 0x0000000096a00000, 0x00000000d5580000)
  object space 370688K, 51% used [0x0000000080000000,0x000000008bbfe898,0x0000000096a00000)
 Metaspace       used 66305K, capacity 69116K, committed 69248K, reserved 1110016K
  class space    used 8719K, capacity 9287K, committed 9344K, reserved 1048576K
Event: 26.003 GC heap after
Heap after GC invocations=18 (full 4):
 PSYoungGen      total 640000K, used 7456K [0x00000000d5580000, 0x0000000100000000, 0x0000000100000000)
  eden space 582144K, 0% used [0x00000000d5580000,0x00000000d5580000,0x00000000f8e00000)
  from space 57856K, 12% used [0x00000000fc500000,0x00000000fcc48080,0x00000000ffd80000)
  to   space 56320K, 0% used [0x00000000f8e00000,0x00000000f8e00000,0x00000000fc500000)
 ParOldGen       total 370688K, used 192514K [0x0000000080000000, 0x0000000096a00000, 0x00000000d5580000)
  object space 370688K, 51% used [0x0000000080000000,0x000000008bc00898,0x0000000096a00000)
 Metaspace       used 66305K, capacity 69116K, committed 69248K, reserved 1110016K
  class space    used 8719K, capacity 9287K, committed 9344K, reserved 1048576K
}
Event: 26.070 GC heap before
{Heap before GC invocations=19 (full 4):
 PSYoungGen      total 640000K, used 588837K [0x00000000d5580000, 0x0000000100000000, 0x0000000100000000)
  eden space 582144K, 99% used [0x00000000d5580000,0x00000000f8d414b0,0x00000000f8e00000)
  from space 57856K, 12% used [0x00000000fc500000,0x00000000fcc48080,0x00000000ffd80000)
  to   space 56320K, 0% used [0x00000000f8e00000,0x00000000f8e00000,0x00000000fc500000)
 ParOldGen       total 370688K, used 192514K [0x0000000080000000, 0x0000000096a00000, 0x00000000d5580000)
  object space 370688K, 51% used [0x0000000080000000,0x000000008bc00898,0x0000000096a00000)
 Metaspace       used 66305K, capacity 69116K, committed 69248K, reserved 1110016K
  class space    used 8719K, capacity 9287K, committed 9344K, reserved 1048576K
Event: 26.077 GC heap after
Heap after GC invocations=19 (full 4):
 PSYoungGen      total 638464K, used 256K [0x00000000d5580000, 0x00000000ffd80000, 0x0000000100000000)
  eden space 582144K, 0% used [0x00000000d5580000,0x00000000d5580000,0x00000000f8e00000)
  from space 56320K, 0% used [0x00000000f8e00000,0x00000000f8e40000,0x00000000fc500000)
  to   space 55808K, 0% used [0x00000000fc700000,0x00000000fc700000,0x00000000ffd80000)
 ParOldGen       total 370688K, used 199880K [0x0000000080000000, 0x0000000096a00000, 0x00000000d5580000)
  object space 370688K, 53% used [0x0000000080000000,0x000000008c332130,0x0000000096a00000)
 Metaspace       used 66305K, capacity 69116K, committed 69248K, reserved 1110016K
  class space    used 8719K, capacity 9287K, committed 9344K, reserved 1048576K
}
Event: 26.146 GC heap before
{Heap before GC invocations=20 (full 4):
 PSYoungGen      total 638464K, used 582364K [0x00000000d5580000, 0x00000000ffd80000, 0x0000000100000000)
  eden space 582144K, 99% used [0x00000000d5580000,0x00000000f8df7150,0x00000000f8e00000)
  from space 56320K, 0% used [0x00000000f8e00000,0x00000000f8e40000,0x00000000fc500000)
  to   space 55808K, 0% used [0x00000000fc700000,0x00000000fc700000,0x00000000ffd80000)
 ParOldGen       total 370688K, used 199880K [0x0000000080000000, 0x0000000096a00000, 0x00000000d5580000)
  object space 370688K, 53% used [0x0000000080000000,0x000000008c332130,0x0000000096a00000)
 Metaspace       used 66305K, capacity 69116K, committed 69248K, reserved 1110016K
  class space    used 8719K, capacity 9287K, committed 9344K, reserved 1048576K
Event: 26.149 GC heap after
Heap after GC invocations=20 (full 4):
 PSYoungGen      total 641536K, used 256K [0x00000000d5580000, 0x00000000ffd80000, 0x0000000100000000)
  eden space 585728K, 0% used [0x00000000d5580000,0x00000000d5580000,0x00000000f9180000)
  from space 55808K, 0% used [0x00000000fc700000,0x00000000fc740000,0x00000000ffd80000)
  to   space 54784K, 0% used [0x00000000f9180000,0x00000000f9180000,0x00000000fc700000)
 ParOldGen       total 370688K, used 199976K [0x0000000080000000, 0x0000000096a00000, 0x00000000d5580000)
  object space 370688K, 53% used [0x0000000080000000,0x000000008c34a130,0x0000000096a00000)
 Metaspace       used 66305K, capacity 69116K, committed 69248K, reserved 1110016K
  class space    used 8719K, capacity 9287K, committed 9344K, reserved 1048576K
}

